  实验3.2（3）.cpp
c:\myvs\实验3.2（3）\实验3.2（3）\实验3.2（3）doc.h(20): error C3646: “ca”: 未知重写说明符
c:\myvs\实验3.2（3）\实验3.2（3）\实验3.2（3）doc.h(20): error C2059: 语法错误:“,”
c:\myvs\实验3.2（3）\实验3.2（3）\实验3.2（3）doc.h(20): error C2238: 意外的标记位于“;”之前
  正在生成代码...
  正在编译...
  实验3.2（3）Doc.cpp
c:\myvs\实验3.2（3）\实验3.2（3）\实验3.2（3）doc.h(20): error C3646: “ca”: 未知重写说明符
c:\myvs\实验3.2（3）\实验3.2（3）\实验3.2（3）doc.h(20): error C2059: 语法错误:“,”
c:\myvs\实验3.2（3）\实验3.2（3）\实验3.2（3）doc.h(20): error C2238: 意外的标记位于“;”之前
c:\myvs\实验3.2（3）\实验3.2（3）\实验3.2（3）doc.cpp(33): error C2065: “ca”: 未声明的标识符
c:\myvs\实验3.2（3）\实验3.2（3）\实验3.2（3）doc.cpp(33): error C2228: “.top”的左边必须有类/结构/联合
  c:\myvs\实验3.2（3）\实验3.2（3）\实验3.2（3）doc.cpp(33): note: 类型是“unknown-type”
c:\myvs\实验3.2（3）\实验3.2（3）\实验3.2（3）doc.cpp(33): error C2228: “.left”的左边必须有类/结构/联合
  c:\myvs\实验3.2（3）\实验3.2（3）\实验3.2（3）doc.cpp(33): note: 类型是“unknown-type”
c:\myvs\实验3.2（3）\实验3.2（3）\实验3.2（3）doc.cpp(33): error C2228: “.bottom”的左边必须有类/结构/联合
  c:\myvs\实验3.2（3）\实验3.2（3）\实验3.2（3）doc.cpp(33): note: 类型是“unknown-type”
c:\myvs\实验3.2（3）\实验3.2（3）\实验3.2（3）doc.cpp(33): error C2228: “.right”的左边必须有类/结构/联合
  c:\myvs\实验3.2（3）\实验3.2（3）\实验3.2（3）doc.cpp(33): note: 类型是“unknown-type”
c:\myvs\实验3.2（3）\实验3.2（3）\实验3.2（3）doc.cpp(34): error C2065: “cb”: 未声明的标识符
c:\myvs\实验3.2（3）\实验3.2（3）\实验3.2（3）doc.cpp(34): error C2228: “.top”的左边必须有类/结构/联合
  c:\myvs\实验3.2（3）\实验3.2（3）\实验3.2（3）doc.cpp(34): note: 类型是“unknown-type”
c:\myvs\实验3.2（3）\实验3.2（3）\实验3.2（3）doc.cpp(34): error C2228: “.left”的左边必须有类/结构/联合
  c:\myvs\实验3.2（3）\实验3.2（3）\实验3.2（3）doc.cpp(34): note: 类型是“unknown-type”
c:\myvs\实验3.2（3）\实验3.2（3）\实验3.2（3）doc.cpp(34): error C2228: “.bottom”的左边必须有类/结构/联合
  c:\myvs\实验3.2（3）\实验3.2（3）\实验3.2（3）doc.cpp(34): note: 类型是“unknown-type”
c:\myvs\实验3.2（3）\实验3.2（3）\实验3.2（3）doc.cpp(34): error C2228: “.right”的左边必须有类/结构/联合
  c:\myvs\实验3.2（3）\实验3.2（3）\实验3.2（3）doc.cpp(34): note: 类型是“unknown-type”
c:\myvs\实验3.2（3）\实验3.2（3）\实验3.2（3）doc.cpp(35): error C2065: “cc”: 未声明的标识符
c:\myvs\实验3.2（3）\实验3.2（3）\实验3.2（3）doc.cpp(35): error C2228: “.top”的左边必须有类/结构/联合
  c:\myvs\实验3.2（3）\实验3.2（3）\实验3.2（3）doc.cpp(35): note: 类型是“unknown-type”
c:\myvs\实验3.2（3）\实验3.2（3）\实验3.2（3）doc.cpp(35): error C2228: “.left”的左边必须有类/结构/联合
  c:\myvs\实验3.2（3）\实验3.2（3）\实验3.2（3）doc.cpp(35): note: 类型是“unknown-type”
c:\myvs\实验3.2（3）\实验3.2（3）\实验3.2（3）doc.cpp(35): error C2228: “.bottom”的左边必须有类/结构/联合
  c:\myvs\实验3.2（3）\实验3.2（3）\实验3.2（3）doc.cpp(35): note: 类型是“unknown-type”
c:\myvs\实验3.2（3）\实验3.2（3）\实验3.2（3）doc.cpp(35): error C2228: “.right”的左边必须有类/结构/联合
  c:\myvs\实验3.2（3）\实验3.2（3）\实验3.2（3）doc.cpp(35): note: 类型是“unknown-type”
  正在生成代码...
  正在编译...
  实验3.2（3）View.cpp
c:\myvs\实验3.2（3）\实验3.2（3）\实验3.2（3）doc.h(20): error C3646: “ca”: 未知重写说明符
c:\myvs\实验3.2（3）\实验3.2（3）\实验3.2（3）doc.h(20): error C2059: 语法错误:“,”
c:\myvs\实验3.2（3）\实验3.2（3）\实验3.2（3）doc.h(20): error C2238: 意外的标记位于“;”之前
c:\myvs\实验3.2（3）\实验3.2（3）\实验3.2（3）view.cpp(56): error C2039: “ca”: 不是“C实验32（3）Doc”的成员
  c:\myvs\实验3.2（3）\实验3.2（3）\实验3.2（3）doc.h(9): note: 参见“C实验32（3）Doc”的声明
c:\myvs\实验3.2（3）\实验3.2（3）\实验3.2（3）view.cpp(57): error C2039: “cb”: 不是“C实验32（3）Doc”的成员
  c:\myvs\实验3.2（3）\实验3.2（3）\实验3.2（3）doc.h(9): note: 参见“C实验32（3）Doc”的声明
c:\myvs\实验3.2（3）\实验3.2（3）\实验3.2（3）view.cpp(58): error C2039: “cc”: 不是“C实验32（3）Doc”的成员
  c:\myvs\实验3.2（3）\实验3.2（3）\实验3.2（3）doc.h(9): note: 参见“C实验32（3）Doc”的声明
  正在生成代码...
